::1 - - [05/Nov/2023:08:59:41 +0000] "POST /signUp HTTP/1.1" 200 210 "-" "PostmanRuntime/7.32.3"
::1 - - [05/Nov/2023:09:03:34 +0000] "POST /signUp HTTP/1.1" 200 1427 "-" "PostmanRuntime/7.32.3"
::1 - - [05/Nov/2023:09:03:59 +0000] "POST /signUp HTTP/1.1" 200 211 "-" "PostmanRuntime/7.32.3"
::1 - - [05/Nov/2023:09:21:15 +0000] "POST /signUp HTTP/1.1" 200 211 "-" "PostmanRuntime/7.32.3"
::1 - - [05/Nov/2023:09:21:21 +0000] "POST /logIn HTTP/1.1" 201 179 "-" "PostmanRuntime/7.32.3"
::1 - - [06/Nov/2023:09:39:34 +0000] "POST /category/add HTTP/1.1" 404 152 "-" "PostmanRuntime/7.32.3"
::1 - - [06/Nov/2023:09:41:16 +0000] "POST /category/add HTTP/1.1" 500 4 "-" "PostmanRuntime/7.32.3"
::1 - - [06/Nov/2023:09:41:25 +0000] "POST /category/add HTTP/1.1" 500 4 "-" "PostmanRuntime/7.32.3"
::1 - - [06/Nov/2023:09:43:10 +0000] "POST /permission/add HTTP/1.1" 400 13 "-" "PostmanRuntime/7.32.3"
::1 - - [06/Nov/2023:09:43:15 +0000] "POST /logIn HTTP/1.1" 201 2 "-" "PostmanRuntime/7.32.3"
::1 - - [06/Nov/2023:09:43:28 +0000] "POST /logIn HTTP/1.1" 201 2 "-" "PostmanRuntime/7.32.3"
::1 - - [06/Nov/2023:09:44:45 +0000] "POST /logIn HTTP/1.1" 201 2 "-" "PostmanRuntime/7.32.3"
::1 - - [06/Nov/2023:09:45:07 +0000] "POST /signUp HTTP/1.1" 200 211 "-" "PostmanRuntime/7.32.3"
::1 - - [06/Nov/2023:09:45:11 +0000] "POST /logIn HTTP/1.1" 201 383 "-" "PostmanRuntime/7.32.3"
::1 - - [06/Nov/2023:09:46:01 +0000] "POST /permission/add HTTP/1.1" 500 4 "-" "PostmanRuntime/7.32.3"
::1 - - [06/Nov/2023:09:46:31 +0000] "POST /permission/add HTTP/1.1" 200 27 "-" "PostmanRuntime/7.32.3"
::1 - - [06/Nov/2023:09:49:13 +0000] "POST /role/edit/1 HTTP/1.1" 400 13 "-" "PostmanRuntime/7.32.3"
::1 - - [06/Nov/2023:09:49:22 +0000] "POST /role/edit/1 HTTP/1.1" 200 85 "-" "PostmanRuntime/7.32.3"
::1 - - [06/Nov/2023:09:50:02 +0000] "POST /category/add HTTP/1.1" 500 4 "-" "PostmanRuntime/7.32.3"
::1 - - [06/Nov/2023:09:50:41 +0000] "POST /category/add HTTP/1.1" 500 4 "-" "PostmanRuntime/7.32.3"
::1 - - [06/Nov/2023:09:51:06 +0000] "POST /category/add HTTP/1.1" 500 4 "-" "PostmanRuntime/7.32.3"
::1 - - [06/Nov/2023:09:53:30 +0000] "POST /category/add HTTP/1.1" 200 101 "-" "PostmanRuntime/7.32.3"
::1 - - [06/Nov/2023:22:26:31 +0000] "POST /article/edit/1 HTTP/1.1" 400 7 "-" "PostmanRuntime/7.32.3"
::1 - - [06/Nov/2023:22:26:56 +0000] "POST /logIn HTTP/1.1" 201 383 "-" "PostmanRuntime/7.32.3"
::1 - - [06/Nov/2023:22:27:22 +0000] "POST /article/edit/1 HTTP/1.1" 200 2 "-" "PostmanRuntime/7.32.3"
::1 - - [06/Nov/2023:22:28:13 +0000] "POST /article/edit/1 HTTP/1.1" 200 2 "-" "PostmanRuntime/7.32.3"
::1 - - [06/Nov/2023:22:28:33 +0000] "POST /article/edit/1 HTTP/1.1" 500 4 "-" "PostmanRuntime/7.32.3"
::1 - - [06/Nov/2023:22:28:52 +0000] "DELETE /article/delete/1 HTTP/1.1" 400 7 "-" "PostmanRuntime/7.32.3"
::1 - - [06/Nov/2023:22:29:00 +0000] "DELETE /article/delete/1 HTTP/1.1" 500 4 "-" "PostmanRuntime/7.32.3"
::1 - - [07/Nov/2023:10:14:54 +0000] "POST /signUp HTTP/1.1" 200 1431 "-" "PostmanRuntime/7.32.3"
::1 - - [07/Nov/2023:10:20:09 +0000] "POST /signUp HTTP/1.1" - - "-" "PostmanRuntime/7.32.3"
::1 - - [07/Nov/2023:10:23:25 +0000] "POST /signUp HTTP/1.1" 200 1 "-" "PostmanRuntime/7.32.3"
::1 - - [07/Nov/2023:10:26:50 +0000] "POST /signUp HTTP/1.1" 500 25 "-" "PostmanRuntime/7.32.3"
::1 - - [07/Nov/2023:10:27:16 +0000] "POST /signUp HTTP/1.1" 500 25 "-" "PostmanRuntime/7.32.3"
::1 - - [07/Nov/2023:10:27:29 +0000] "POST /signUp HTTP/1.1" 500 25 "-" "PostmanRuntime/7.32.3"
::1 - - [07/Nov/2023:10:28:18 +0000] "POST /signUp HTTP/1.1" - - "-" "PostmanRuntime/7.32.3"
::1 - - [07/Nov/2023:10:34:23 +0000] "POST /signUp HTTP/1.1" - - "-" "PostmanRuntime/7.32.3"
::1 - - [07/Nov/2023:10:34:29 +0000] "POST /signUp HTTP/1.1" - - "-" "PostmanRuntime/7.32.3"
::1 - - [07/Nov/2023:10:37:24 +0000] "POST /signUp HTTP/1.1" 200 1 "-" "PostmanRuntime/7.32.3"
::1 - - [07/Nov/2023:10:38:14 +0000] "POST /signUp HTTP/1.1" 500 25 "-" "PostmanRuntime/7.32.3"
::1 - - [07/Nov/2023:10:53:45 +0000] "GET /usersList HTTP/1.1" 400 13 "-" "PostmanRuntime/7.32.3"
::1 - - [07/Nov/2023:10:53:49 +0000] "POST /logIn HTTP/1.1" 201 383 "-" "PostmanRuntime/7.32.3"
::1 - - [07/Nov/2023:10:54:01 +0000] "GET /usersList HTTP/1.1" 200 228 "-" "PostmanRuntime/7.32.3"
::1 - - [07/Nov/2023:10:54:51 +0000] "GET /usersList HTTP/1.1" 200 228 "-" "PostmanRuntime/7.32.3"
::1 - - [07/Nov/2023:11:13:17 +0000] "POST /signUp HTTP/1.1" - - "-" "PostmanRuntime/7.32.3"
::1 - - [07/Nov/2023:11:16:18 +0000] "POST /signUp HTTP/1.1" 500 25 "-" "PostmanRuntime/7.32.3"
::1 - - [07/Nov/2023:11:19:35 +0000] "POST /signUp HTTP/1.1" 200 1 "-" "PostmanRuntime/7.32.3"
::1 - - [07/Nov/2023:11:20:51 +0000] "POST /signUp HTTP/1.1" 200 11 "-" "PostmanRuntime/7.32.3"
::1 - - [07/Nov/2023:11:22:37 +0000] "POST /signUp HTTP/1.1" 200 11 "-" "PostmanRuntime/7.32.3"
::1 - - [07/Nov/2023:11:26:36 +0000] "POST /signUp HTTP/1.1" 500 25 "-" "PostmanRuntime/7.32.3"
::1 - - [07/Nov/2023:11:27:43 +0000] "GET /usersList HTTP/1.1" 200 226 "-" "PostmanRuntime/7.32.3"
::1 - - [07/Nov/2023:11:27:57 +0000] "GET /usersList HTTP/1.1" 500 4 "-" "PostmanRuntime/7.32.3"
::1 - - [07/Nov/2023:11:27:59 +0000] "GET /usersList HTTP/1.1" 500 4 "-" "PostmanRuntime/7.32.3"
::1 - - [07/Nov/2023:11:36:22 +0000] "GET /usersList HTTP/1.1" 200 0 "-" "PostmanRuntime/7.32.3"
::1 - - [07/Nov/2023:11:36:49 +0000] "GET /usersList HTTP/1.1" 200 0 "-" "PostmanRuntime/7.32.3"
::1 - - [07/Nov/2023:11:37:10 +0000] "GET /usersList HTTP/1.1" 200 0 "-" "PostmanRuntime/7.32.3"
::1 - - [07/Nov/2023:11:37:34 +0000] "GET /usersList HTTP/1.1" 200 226 "-" "PostmanRuntime/7.32.3"
::1 - - [07/Nov/2023:11:37:42 +0000] "POST /signUp HTTP/1.1" 500 25 "-" "PostmanRuntime/7.32.3"
::1 - - [07/Nov/2023:11:37:45 +0000] "POST /signUp HTTP/1.1" 500 25 "-" "PostmanRuntime/7.32.3"
::1 - - [07/Nov/2023:11:41:28 +0000] "POST /signUp HTTP/1.1" 500 28 "-" "PostmanRuntime/7.32.3"
::1 - - [07/Nov/2023:11:41:37 +0000] "POST /signUp HTTP/1.1" 200 7 "-" "PostmanRuntime/7.32.3"
::1 - - [07/Nov/2023:11:41:50 +0000] "POST /signUp HTTP/1.1" 500 28 "-" "PostmanRuntime/7.32.3"
::1 - - [07/Nov/2023:11:41:59 +0000] "POST /signUp HTTP/1.1" 500 28 "-" "PostmanRuntime/7.32.3"
::1 - - [07/Nov/2023:11:42:58 +0000] "POST /signUp HTTP/1.1" 500 28 "-" "PostmanRuntime/7.32.3"
::1 - - [07/Nov/2023:11:43:13 +0000] "POST /signUp HTTP/1.1" 500 25 "-" "PostmanRuntime/7.32.3"
::1 - - [07/Nov/2023:11:44:09 +0000] "POST /signUp HTTP/1.1" 500 28 "-" "PostmanRuntime/7.32.3"
::1 - - [07/Nov/2023:11:44:23 +0000] "POST /signUp HTTP/1.1" 500 28 "-" "PostmanRuntime/7.32.3"
::1 - - [07/Nov/2023:11:44:34 +0000] "POST /signUp HTTP/1.1" 200 2 "-" "PostmanRuntime/7.32.3"
::1 - - [07/Nov/2023:11:47:21 +0000] "POST /signUp HTTP/1.1" 500 4 "-" "PostmanRuntime/7.32.3"
::1 - - [07/Nov/2023:11:47:27 +0000] "POST /signUp HTTP/1.1" 500 4 "-" "PostmanRuntime/7.32.3"
::1 - - [07/Nov/2023:11:47:51 +0000] "POST /signUp HTTP/1.1" 200 2 "-" "PostmanRuntime/7.32.3"
::1 - - [07/Nov/2023:11:48:04 +0000] "POST /signUp HTTP/1.1" 500 25 "-" "PostmanRuntime/7.32.3"
::1 - - [07/Nov/2023:11:48:24 +0000] "POST /signUp HTTP/1.1" 200 2 "-" "PostmanRuntime/7.32.3"
::1 - - [07/Nov/2023:11:49:37 +0000] "POST /signUp HTTP/1.1" 500 4 "-" "PostmanRuntime/7.32.3"
::1 - - [07/Nov/2023:11:49:45 +0000] "POST /signUp HTTP/1.1" 200 2 "-" "PostmanRuntime/7.32.3"
::1 - - [07/Nov/2023:11:50:47 +0000] "POST /category/add HTTP/1.1" 200 101 "-" "PostmanRuntime/7.32.3"
::1 - - [07/Nov/2023:11:50:54 +0000] "POST /signUp HTTP/1.1" 200 2 "-" "PostmanRuntime/7.32.3"
::1 - - [07/Nov/2023:11:52:23 +0000] "POST /signUp HTTP/1.1" 200 370 "-" "PostmanRuntime/7.32.3"
::1 - - [07/Nov/2023:12:05:00 +0000] "POST /signUp HTTP/1.1" 500 25 "-" "PostmanRuntime/7.32.3"
::1 - - [07/Nov/2023:12:08:23 +0000] "POST /logIn HTTP/1.1" 500 28 "-" "PostmanRuntime/7.32.3"
::1 - - [07/Nov/2023:12:09:09 +0000] "POST /logIn HTTP/1.1" 201 385 "-" "PostmanRuntime/7.32.3"
::1 - - [07/Nov/2023:12:41:30 +0000] "POST /logIn HTTP/1.1" 201 385 "-" "PostmanRuntime/7.32.3"
::1 - - [07/Nov/2023:12:47:41 +0000] "POST /createArticle HTTP/1.1" 500 4 "-" "PostmanRuntime/7.32.3"
::1 - - [07/Nov/2023:12:47:47 +0000] "POST /createArticle HTTP/1.1" 500 4 "-" "PostmanRuntime/7.32.3"
::1 - - [07/Nov/2023:12:48:00 +0000] "POST /createArticle HTTP/1.1" 500 4 "-" "PostmanRuntime/7.32.3"
::1 - - [07/Nov/2023:12:49:39 +0000] "POST /createArticle HTTP/1.1" 500 4 "-" "PostmanRuntime/7.32.3"
::1 - - [07/Nov/2023:12:49:46 +0000] "POST /logIn HTTP/1.1" 201 385 "-" "PostmanRuntime/7.32.3"
::1 - - [07/Nov/2023:12:50:40 +0000] "POST /createArticle HTTP/1.1" 500 4 "-" "PostmanRuntime/7.32.3"
::1 - - [07/Nov/2023:12:50:43 +0000] "POST /createArticle HTTP/1.1" 404 153 "-" "PostmanRuntime/7.32.3"
::1 - - [07/Nov/2023:12:50:54 +0000] "POST /admin/createArticle HTTP/1.1" 404 159 "-" "PostmanRuntime/7.32.3"
::1 - - [07/Nov/2023:12:51:28 +0000] "POST /admin/createArticle HTTP/1.1" 404 159 "-" "PostmanRuntime/7.32.3"
::1 - - [07/Nov/2023:12:51:32 +0000] "POST /admin/createArticle HTTP/1.1" 404 159 "-" "PostmanRuntime/7.32.3"
::1 - - [07/Nov/2023:12:51:52 +0000] "POST /admin/createArticle HTTP/1.1" 404 159 "-" "PostmanRuntime/7.32.3"
::1 - - [07/Nov/2023:12:52:09 +0000] "POST /admin/createArticle HTTP/1.1" 404 159 "-" "PostmanRuntime/7.32.3"
::1 - - [07/Nov/2023:12:52:11 +0000] "POST /admin/createArticle HTTP/1.1" 404 159 "-" "PostmanRuntime/7.32.3"
::1 - - [07/Nov/2023:12:52:26 +0000] "POST /admin/article/createArticle HTTP/1.1" 404 167 "-" "PostmanRuntime/7.32.3"
::1 - - [07/Nov/2023:12:52:48 +0000] "POST /admin/article/createArticle HTTP/1.1" 500 4 "-" "PostmanRuntime/7.32.3"
::1 - - [07/Nov/2023:12:53:15 +0000] "POST /admin/article/createArticle HTTP/1.1" 500 4 "-" "PostmanRuntime/7.32.3"
::1 - - [07/Nov/2023:12:53:16 +0000] "POST /admin/article/createArticle HTTP/1.1" 500 4 "-" "PostmanRuntime/7.32.3"
::1 - - [07/Nov/2023:12:55:15 +0000] "POST /admin/article/createArticle HTTP/1.1" 500 4 "-" "PostmanRuntime/7.32.3"
::1 - - [07/Nov/2023:12:55:27 +0000] "POST /admin/article/createArticle HTTP/1.1" 500 4 "-" "PostmanRuntime/7.32.3"
::1 - - [07/Nov/2023:12:57:24 +0000] "POST /admin/article/createArticle HTTP/1.1" 500 4 "-" "PostmanRuntime/7.32.3"
::1 - - [07/Nov/2023:13:02:03 +0000] "POST /admin/article/createArticle HTTP/1.1" 200 171 "-" "PostmanRuntime/7.32.3"
::1 - - [07/Nov/2023:13:15:05 +0000] "POST /admin/article/createArticle HTTP/1.1" 200 172 "-" "PostmanRuntime/7.32.3"
::1 - - [07/Nov/2023:13:15:16 +0000] "POST /admin/article/createArticle HTTP/1.1" 200 171 "-" "PostmanRuntime/7.32.3"
::1 - - [07/Nov/2023:13:15:23 +0000] "POST /admin/article/createArticle HTTP/1.1" 200 172 "-" "PostmanRuntime/7.32.3"
::1 - - [07/Nov/2023:13:16:01 +0000] "GET /article/allArticles HTTP/1.1" 404 158 "-" "PostmanRuntime/7.32.3"
::1 - - [07/Nov/2023:13:17:28 +0000] "GET /article/allArticles HTTP/1.1" 404 158 "-" "PostmanRuntime/7.32.3"
::1 - - [07/Nov/2023:13:17:30 +0000] "GET /article/allArticles HTTP/1.1" 404 158 "-" "PostmanRuntime/7.32.3"
::1 - - [07/Nov/2023:13:17:48 +0000] "GET /article/allArticles HTTP/1.1" 200 831 "-" "PostmanRuntime/7.32.3"
::1 - - [07/Nov/2023:13:17:58 +0000] "GET /article/allArticles/2 HTTP/1.1" 404 160 "-" "PostmanRuntime/7.32.3"
::1 - - [07/Nov/2023:13:18:13 +0000] "GET /article/readArticle/2 HTTP/1.1" 404 160 "-" "PostmanRuntime/7.32.3"
::1 - - [07/Nov/2023:13:18:24 +0000] "GET /article/2 HTTP/1.1" 200 207 "-" "PostmanRuntime/7.32.3"
::1 - - [07/Nov/2023:13:18:31 +0000] "GET /article/3 HTTP/1.1" 200 206 "-" "PostmanRuntime/7.32.3"
::1 - - [07/Nov/2023:13:18:51 +0000] "POST /admin/article/createArticle HTTP/1.1" 200 172 "-" "PostmanRuntime/7.32.3"
::1 - - [07/Nov/2023:13:18:58 +0000] "GET /article/5 HTTP/1.1" 200 207 "-" "PostmanRuntime/7.32.3"
::1 - - [07/Nov/2023:13:19:28 +0000] "POST /admin/article/createArticle HTTP/1.1" 200 1545 "-" "PostmanRuntime/7.32.3"
::1 - - [07/Nov/2023:13:22:09 +0000] "POST /admin/article/createArticle HTTP/1.1" 500 4 "-" "PostmanRuntime/7.32.3"
::1 - - [07/Nov/2023:13:23:18 +0000] "POST /admin/article/createArticle HTTP/1.1" 200 1545 "-" "PostmanRuntime/7.32.3"
::1 - - [07/Nov/2023:13:23:23 +0000] "POST /admin/article/createArticle HTTP/1.1" 200 1545 "-" "PostmanRuntime/7.32.3"
::1 - - [07/Nov/2023:13:25:04 +0000] "POST /admin/article/createArticle HTTP/1.1" 200 1545 "-" "PostmanRuntime/7.32.3"
::1 - - [07/Nov/2023:13:26:29 +0000] "POST /admin/article/createArticle HTTP/1.1" 200 1545 "-" "PostmanRuntime/7.32.3"
::1 - - [07/Nov/2023:13:28:21 +0000] "POST /admin/subCategory/add HTTP/1.1" 404 161 "-" "PostmanRuntime/7.32.3"
::1 - - [07/Nov/2023:13:28:50 +0000] "POST /admin/subCategory/add HTTP/1.1" 200 44 "-" "PostmanRuntime/7.32.3"
::1 - - [07/Nov/2023:13:29:06 +0000] "POST /admin/article/createArticle HTTP/1.1" 200 191 "-" "PostmanRuntime/7.32.3"
::1 - - [07/Nov/2023:13:29:12 +0000] "POST /admin/article/createArticle HTTP/1.1" 200 1545 "-" "PostmanRuntime/7.32.3"
::1 - - [07/Nov/2023:13:29:28 +0000] "POST /category/add HTTP/1.1" 404 152 "-" "PostmanRuntime/7.32.3"
::1 - - [07/Nov/2023:13:29:50 +0000] "GET /article/5 HTTP/1.1" 200 207 "-" "PostmanRuntime/7.32.3"
::1 - - [07/Nov/2023:13:29:55 +0000] "GET /article/6 HTTP/1.1" 500 4 "-" "PostmanRuntime/7.32.3"
::1 - - [07/Nov/2023:13:30:00 +0000] "GET /article/6 HTTP/1.1" 500 4 "-" "PostmanRuntime/7.32.3"
::1 - - [07/Nov/2023:13:30:13 +0000] "POST /admin/article/createArticle HTTP/1.1" 200 191 "-" "PostmanRuntime/7.32.3"
::1 - - [07/Nov/2023:13:30:22 +0000] "GET /article/13 HTTP/1.1" 200 205 "-" "PostmanRuntime/7.32.3"
::1 - - [07/Nov/2023:18:06:22 +0000] "GET /article HTTP/1.1" 404 146 "-" "PostmanRuntime/7.32.3"
::1 - - [07/Nov/2023:18:06:48 +0000] "GET /article/allArticles HTTP/1.1" 200 2 "-" "PostmanRuntime/7.32.3"
::1 - - [07/Nov/2023:18:06:56 +0000] "GET /article/allArticles HTTP/1.1" 200 2 "-" "PostmanRuntime/7.32.3"
::1 - - [07/Nov/2023:18:07:20 +0000] "GET /article/allArticles HTTP/1.1" 200 2 "-" "PostmanRuntime/7.32.3"
::1 - - [07/Nov/2023:18:07:51 +0000] "GET /article/allArticles HTTP/1.1" 200 1451 "-" "PostmanRuntime/7.32.3"
::1 - - [07/Nov/2023:18:08:32 +0000] "GET /article/allArticles?page=2 HTTP/1.1" 200 1451 "-" "PostmanRuntime/7.32.3"
::1 - - [07/Nov/2023:18:13:21 +0000] "GET /article/allArticles?page=2 HTTP/1.1" 200 1451 "-" "PostmanRuntime/7.32.3"
::1 - - [07/Nov/2023:18:16:04 +0000] "GET /article/allArticles?page=2 HTTP/1.1" 200 1451 "-" "PostmanRuntime/7.32.3"
::1 - - [07/Nov/2023:18:16:34 +0000] "GET /article/allArticles HTTP/1.1" 200 1451 "-" "PostmanRuntime/7.32.3"
::1 - - [07/Nov/2023:18:16:55 +0000] "GET /article/allArticles HTTP/1.1" 200 1451 "-" "PostmanRuntime/7.32.3"
::1 - - [07/Nov/2023:18:17:51 +0000] "GET /article/allArticles HTTP/1.1" 200 757 "-" "PostmanRuntime/7.32.3"
::1 - - [07/Nov/2023:18:17:57 +0000] "GET /article/allArticles HTTP/1.1" 200 757 "-" "PostmanRuntime/7.32.3"
::1 - - [07/Nov/2023:18:18:53 +0000] "GET /article/allArticles HTTP/1.1" 200 209 "-" "PostmanRuntime/7.32.3"
::1 - - [07/Nov/2023:18:19:14 +0000] "GET /article/allArticles HTTP/1.1" 200 208 "-" "PostmanRuntime/7.32.3"
::1 - - [07/Nov/2023:18:22:21 +0000] "GET /article/allArticles HTTP/1.1" 200 2 "-" "PostmanRuntime/7.32.3"
::1 - - [07/Nov/2023:18:23:04 +0000] "GET /article/allArticles HTTP/1.1" 200 2 "-" "PostmanRuntime/7.32.3"
::1 - - [07/Nov/2023:18:25:38 +0000] "GET /article/allArticles HTTP/1.1" 200 1470 "-" "PostmanRuntime/7.32.3"
::1 - - [07/Nov/2023:18:27:05 +0000] "GET /article/allArticles HTTP/1.1" 200 - "-" "PostmanRuntime/7.32.3"
::1 - - [07/Nov/2023:18:27:07 +0000] "GET /article/allArticles HTTP/1.1" 200 - "-" "PostmanRuntime/7.32.3"
::1 - - [07/Nov/2023:18:27:21 +0000] "GET /article/allArticles HTTP/1.1" 200 - "-" "PostmanRuntime/7.32.3"
::1 - - [07/Nov/2023:18:27:31 +0000] "GET /article/allArticles HTTP/1.1" 200 2 "-" "PostmanRuntime/7.32.3"
::1 - - [07/Nov/2023:18:27:40 +0000] "GET /article/allArticles HTTP/1.1" 200 2 "-" "PostmanRuntime/7.32.3"
::1 - - [07/Nov/2023:18:27:48 +0000] "GET /article/allArticles HTTP/1.1" 200 2 "-" "PostmanRuntime/7.32.3"
::1 - - [07/Nov/2023:18:27:52 +0000] "GET /article/allArticles HTTP/1.1" 200 2 "-" "PostmanRuntime/7.32.3"
::1 - - [07/Nov/2023:18:28:22 +0000] "GET /article/allArticles HTTP/1.1" 200 2 "-" "PostmanRuntime/7.32.3"
::1 - - [07/Nov/2023:18:28:35 +0000] "GET /article/allArticles HTTP/1.1" 200 623 "-" "PostmanRuntime/7.32.3"
::1 - - [07/Nov/2023:18:28:52 +0000] "GET /article/allArticles HTTP/1.1" 200 623 "-" "PostmanRuntime/7.32.3"
::1 - - [07/Nov/2023:18:29:53 +0000] "GET /article/allArticles HTTP/1.1" 200 643 "-" "PostmanRuntime/7.32.3"
::1 - - [07/Nov/2023:18:36:39 +0000] "GET /usersList HTTP/1.1" 404 148 "-" "PostmanRuntime/7.32.3"
::1 - - [07/Nov/2023:18:36:51 +0000] "POST /admin/permission/add HTTP/1.1" 200 26 "-" "PostmanRuntime/7.32.3"
::1 - - [07/Nov/2023:18:37:21 +0000] "POST /role/edit/1 HTTP/1.1" 404 151 "-" "PostmanRuntime/7.32.3"
::1 - - [07/Nov/2023:18:37:30 +0000] "POST /admin/role/edit/1 HTTP/1.1" 200 128 "-" "PostmanRuntime/7.32.3"
::1 - - [07/Nov/2023:18:38:35 +0000] "POST /admin/role/add HTTP/1.1" 400 13 "-" "PostmanRuntime/7.32.3"
::1 - - [07/Nov/2023:18:38:45 +0000] "POST /admin/role/add HTTP/1.1" 200 42 "-" "PostmanRuntime/7.32.3"
::1 - - [07/Nov/2023:18:39:10 +0000] "POST /admin/role/add HTTP/1.1" 405 23 "-" "PostmanRuntime/7.32.3"
::1 - - [07/Nov/2023:20:36:28 +0000] "POST /signUp HTTP/1.1" 404 146 "-" "PostmanRuntime/7.32.3"
::1 - - [07/Nov/2023:20:37:22 +0000] "POST /signUp HTTP/1.1" 404 146 "-" "PostmanRuntime/7.32.3"
::1 - - [07/Nov/2023:20:46:34 +0000] "POST /signUp HTTP/1.1" - - "-" "PostmanRuntime/7.32.3"
::1 - - [07/Nov/2023:20:54:14 +0000] "POST /signUp HTTP/1.1" - - "-" "PostmanRuntime/7.32.3"
::1 - - [07/Nov/2023:20:54:18 +0000] "POST /signUp HTTP/1.1" - - "-" "PostmanRuntime/7.32.3"
::1 - - [07/Nov/2023:20:54:23 +0000] "POST /signUp HTTP/1.1" 500 25 "-" "PostmanRuntime/7.32.3"
